TN:
SF:src\app.js
FNF:0
FNH:0
DA:2,1
DA:3,1
DA:4,1
DA:6,1
DA:7,1
DA:9,1
LF:6
LH:6
BRF:0
BRH:0
end_of_record
TN:
SF:src\data\store.js
FN:5,(anonymous_0)
FN:7,(anonymous_1)
FN:13,(anonymous_2)
FNF:3
FNH:2
FNDA:2,(anonymous_0)
FNDA:0,(anonymous_1)
FNDA:2,(anonymous_2)
DA:2,1
DA:3,1
DA:5,2
DA:7,1
DA:8,0
DA:9,0
DA:10,0
DA:13,1
DA:14,2
DA:15,2
DA:18,1
LF:11
LH:8
BRF:0
BRH:0
end_of_record
TN:
SF:src\routes\tasks.js
FN:7,(anonymous_0)
FNF:1
FNH:1
FNDA:2,(anonymous_0)
DA:2,1
DA:3,1
DA:4,1
DA:7,1
DA:8,2
DA:9,2
DA:12,1
LF:7
LH:7
BRF:0
BRH:0
end_of_record
